The system is: Linux - 4.15.0-29-generic - x86_64
Compiling the C compiler identification source file "CMakeCCompilerId.c" succeeded.
Compiler: /usr/bin/cc 
Build flags: 
Id flags: 

The output was:
0


Compilation of the C compiler identification source "CMakeCCompilerId.c" produced "a.out"

The C compiler identification is GNU, found in "/home/xcy/catkin_ws/src/MYNT-EYE-OKVIS-Sample/build/okvis/ceres/src/ceres_external-build/CMakeFiles/3.5.1/CompilerIdC/a.out"

Compiling the CXX compiler identification source file "CMakeCXXCompilerId.cpp" succeeded.
Compiler: /usr/bin/c++ 
Build flags: ;-march=native;-Wall;-std=c++11;-fPIC;-mssse3
Id flags: 

The output was:
0


Compilation of the CXX compiler identification source "CMakeCXXCompilerId.cpp" produced "a.out"

The CXX compiler identification is GNU, found in "/home/xcy/catkin_ws/src/MYNT-EYE-OKVIS-Sample/build/okvis/ceres/src/ceres_external-build/CMakeFiles/3.5.1/CompilerIdCXX/a.out"

Determining if the C compiler works passed with the following output:
Change Dir: /home/xcy/catkin_ws/src/MYNT-EYE-OKVIS-Sample/build/okvis/ceres/src/ceres_external-build/CMakeFiles/CMakeTmp

Run Build Command:"/usr/bin/make" "cmTC_fa6bc/fast"
make[3]: Entering directory '/home/xcy/catkin_ws/src/MYNT-EYE-OKVIS-Sample/build/okvis/ceres/src/ceres_external-build/CMakeFiles/CMakeTmp'
/usr/bin/make -f CMakeFiles/cmTC_fa6bc.dir/build.make CMakeFiles/cmTC_fa6bc.dir/build
make[4]: Entering directory '/home/xcy/catkin_ws/src/MYNT-EYE-OKVIS-Sample/build/okvis/ceres/src/ceres_external-build/CMakeFiles/CMakeTmp'
Building C object CMakeFiles/cmTC_fa6bc.dir/testCCompiler.c.o
/usr/bin/cc     -o CMakeFiles/cmTC_fa6bc.dir/testCCompiler.c.o   -c /home/xcy/catkin_ws/src/MYNT-EYE-OKVIS-Sample/build/okvis/ceres/src/ceres_external-build/CMakeFiles/CMakeTmp/testCCompiler.c
Linking C executable cmTC_fa6bc
/usr/bin/cmake -E cmake_link_script CMakeFiles/cmTC_fa6bc.dir/link.txt --verbose=1
/usr/bin/cc       CMakeFiles/cmTC_fa6bc.dir/testCCompiler.c.o  -o cmTC_fa6bc -rdynamic 
make[4]: Leaving directory '/home/xcy/catkin_ws/src/MYNT-EYE-OKVIS-Sample/build/okvis/ceres/src/ceres_external-build/CMakeFiles/CMakeTmp'
make[3]: Leaving directory '/home/xcy/catkin_ws/src/MYNT-EYE-OKVIS-Sample/build/okvis/ceres/src/ceres_external-build/CMakeFiles/CMakeTmp'


Detecting C compiler ABI info compiled with the following output:
Change Dir: /home/xcy/catkin_ws/src/MYNT-EYE-OKVIS-Sample/build/okvis/ceres/src/ceres_external-build/CMakeFiles/CMakeTmp

Run Build Command:"/usr/bin/make" "cmTC_3e600/fast"
make[3]: Entering directory '/home/xcy/catkin_ws/src/MYNT-EYE-OKVIS-Sample/build/okvis/ceres/src/ceres_external-build/CMakeFiles/CMakeTmp'
/usr/bin/make -f CMakeFiles/cmTC_3e600.dir/build.make CMakeFiles/cmTC_3e600.dir/build
make[4]: Entering directory '/home/xcy/catkin_ws/src/MYNT-EYE-OKVIS-Sample/build/okvis/ceres/src/ceres_external-build/CMakeFiles/CMakeTmp'
Building C object CMakeFiles/cmTC_3e600.dir/CMakeCCompilerABI.c.o
/usr/bin/cc     -o CMakeFiles/cmTC_3e600.dir/CMakeCCompilerABI.c.o   -c /usr/share/cmake-3.5/Modules/CMakeCCompilerABI.c
Linking C executable cmTC_3e600
/usr/bin/cmake -E cmake_link_script CMakeFiles/cmTC_3e600.dir/link.txt --verbose=1
/usr/bin/cc      -v CMakeFiles/cmTC_3e600.dir/CMakeCCompilerABI.c.o  -o cmTC_3e600 -rdynamic  
Using built-in specs.
COLLECT_GCC=/usr/bin/cc
COLLECT_LTO_WRAPPER=/usr/lib/gcc/x86_64-linux-gnu/5/lto-wrapper
Target: x86_64-linux-gnu
Configured with: ../src/configure -v --with-pkgversion='Ubuntu 5.4.0-6ubuntu1~16.04.11' --with-bugurl=file:///usr/share/doc/gcc-5/README.Bugs --enable-languages=c,ada,c++,java,go,d,fortran,objc,obj-c++ --prefix=/usr --program-suffix=-5 --enable-shared --enable-linker-build-id --libexecdir=/usr/lib --without-included-gettext --enable-threads=posix --libdir=/usr/lib --enable-nls --with-sysroot=/ --enable-clocale=gnu --enable-libstdcxx-debug --enable-libstdcxx-time=yes --with-default-libstdcxx-abi=new --enable-gnu-unique-object --disable-vtable-verify --enable-libmpx --enable-plugin --with-system-zlib --disable-browser-plugin --enable-java-awt=gtk --enable-gtk-cairo --with-java-home=/usr/lib/jvm/java-1.5.0-gcj-5-amd64/jre --enable-java-home --with-jvm-root-dir=/usr/lib/jvm/java-1.5.0-gcj-5-amd64 --with-jvm-jar-dir=/usr/lib/jvm-exports/java-1.5.0-gcj-5-amd64 --with-arch-directory=amd64 --with-ecj-jar=/usr/share/java/eclipse-ecj.jar --enable-objc-gc --enable-multiarch --disable-werror --with-arch-32=i686 --with-abi=m64 --with-multilib-list=m32,m64,mx32 --enable-multilib --with-tune=generic --enable-checking=release --build=x86_64-linux-gnu --host=x86_64-linux-gnu --target=x86_64-linux-gnu
Thread model: posix
gcc version 5.4.0 20160609 (Ubuntu 5.4.0-6ubuntu1~16.04.11) 
COMPILER_PATH=/usr/lib/gcc/x86_64-linux-gnu/5/:/usr/lib/gcc/x86_64-linux-gnu/5/:/usr/lib/gcc/x86_64-linux-gnu/:/usr/lib/gcc/x86_64-linux-gnu/5/:/usr/lib/gcc/x86_64-linux-gnu/
LIBRARY_PATH=/usr/lib/gcc/x86_64-linux-gnu/5/:/usr/lib/gcc/x86_64-linux-gnu/5/../../../x86_64-linux-gnu/:/usr/lib/gcc/x86_64-linux-gnu/5/../../../../lib/:/lib/x86_64-linux-gnu/:/lib/../lib/:/usr/lib/x86_64-linux-gnu/:/usr/lib/../lib/:/usr/lib/gcc/x86_64-linux-gnu/5/../../../:/lib/:/usr/lib/
COLLECT_GCC_OPTIONS='-v' '-o' 'cmTC_3e600' '-rdynamic' '-mtune=generic' '-march=x86-64'
 /usr/lib/gcc/x86_64-linux-gnu/5/collect2 -plugin /usr/lib/gcc/x86_64-linux-gnu/5/liblto_plugin.so -plugin-opt=/usr/lib/gcc/x86_64-linux-gnu/5/lto-wrapper -plugin-opt=-fresolution=/tmp/cckwNDcK.res -plugin-opt=-pass-through=-lgcc -plugin-opt=-pass-through=-lgcc_s -plugin-opt=-pass-through=-lc -plugin-opt=-pass-through=-lgcc -plugin-opt=-pass-through=-lgcc_s --sysroot=/ --build-id --eh-frame-hdr -m elf_x86_64 --hash-style=gnu --as-needed -export-dynamic -dynamic-linker /lib64/ld-linux-x86-64.so.2 -z relro -o cmTC_3e600 /usr/lib/gcc/x86_64-linux-gnu/5/../../../x86_64-linux-gnu/crt1.o /usr/lib/gcc/x86_64-linux-gnu/5/../../../x86_64-linux-gnu/crti.o /usr/lib/gcc/x86_64-linux-gnu/5/crtbegin.o -L/usr/lib/gcc/x86_64-linux-gnu/5 -L/usr/lib/gcc/x86_64-linux-gnu/5/../../../x86_64-linux-gnu -L/usr/lib/gcc/x86_64-linux-gnu/5/../../../../lib -L/lib/x86_64-linux-gnu -L/lib/../lib -L/usr/lib/x86_64-linux-gnu -L/usr/lib/../lib -L/usr/lib/gcc/x86_64-linux-gnu/5/../../.. CMakeFiles/cmTC_3e600.dir/CMakeCCompilerABI.c.o -lgcc --as-needed -lgcc_s --no-as-needed -lc -lgcc --as-needed -lgcc_s --no-as-needed /usr/lib/gcc/x86_64-linux-gnu/5/crtend.o /usr/lib/gcc/x86_64-linux-gnu/5/../../../x86_64-linux-gnu/crtn.o
make[4]: Leaving directory '/home/xcy/catkin_ws/src/MYNT-EYE-OKVIS-Sample/build/okvis/ceres/src/ceres_external-build/CMakeFiles/CMakeTmp'
make[3]: Leaving directory '/home/xcy/catkin_ws/src/MYNT-EYE-OKVIS-Sample/build/okvis/ceres/src/ceres_external-build/CMakeFiles/CMakeTmp'


Parsed C implicit link information from above output:
  link line regex: [^( *|.*[/\])(ld|([^/\]+-)?ld|collect2)[^/\]*( |$)]
  ignore line: [Change Dir: /home/xcy/catkin_ws/src/MYNT-EYE-OKVIS-Sample/build/okvis/ceres/src/ceres_external-build/CMakeFiles/CMakeTmp]
  ignore line: []
  ignore line: [Run Build Command:"/usr/bin/make" "cmTC_3e600/fast"]
  ignore line: [make[3]: Entering directory '/home/xcy/catkin_ws/src/MYNT-EYE-OKVIS-Sample/build/okvis/ceres/src/ceres_external-build/CMakeFiles/CMakeTmp']
  ignore line: [/usr/bin/make -f CMakeFiles/cmTC_3e600.dir/build.make CMakeFiles/cmTC_3e600.dir/build]
  ignore line: [make[4]: Entering directory '/home/xcy/catkin_ws/src/MYNT-EYE-OKVIS-Sample/build/okvis/ceres/src/ceres_external-build/CMakeFiles/CMakeTmp']
  ignore line: [Building C object CMakeFiles/cmTC_3e600.dir/CMakeCCompilerABI.c.o]
  ignore line: [/usr/bin/cc     -o CMakeFiles/cmTC_3e600.dir/CMakeCCompilerABI.c.o   -c /usr/share/cmake-3.5/Modules/CMakeCCompilerABI.c]
  ignore line: [Linking C executable cmTC_3e600]
  ignore line: [/usr/bin/cmake -E cmake_link_script CMakeFiles/cmTC_3e600.dir/link.txt --verbose=1]
  ignore line: [/usr/bin/cc      -v CMakeFiles/cmTC_3e600.dir/CMakeCCompilerABI.c.o  -o cmTC_3e600 -rdynamic  ]
  ignore line: [Using built-in specs.]
  ignore line: [COLLECT_GCC=/usr/bin/cc]
  ignore line: [COLLECT_LTO_WRAPPER=/usr/lib/gcc/x86_64-linux-gnu/5/lto-wrapper]
  ignore line: [Target: x86_64-linux-gnu]
  ignore line: [Configured with: ../src/configure -v --with-pkgversion='Ubuntu 5.4.0-6ubuntu1~16.04.11' --with-bugurl=file:///usr/share/doc/gcc-5/README.Bugs --enable-languages=c,ada,c++,java,go,d,fortran,objc,obj-c++ --prefix=/usr --program-suffix=-5 --enable-shared --enable-linker-build-id --libexecdir=/usr/lib --without-included-gettext --enable-threads=posix --libdir=/usr/lib --enable-nls --with-sysroot=/ --enable-clocale=gnu --enable-libstdcxx-debug --enable-libstdcxx-time=yes --with-default-libstdcxx-abi=new --enable-gnu-unique-object --disable-vtable-verify --enable-libmpx --enable-plugin --with-system-zlib --disable-browser-plugin --enable-java-awt=gtk --enable-gtk-cairo --with-java-home=/usr/lib/jvm/java-1.5.0-gcj-5-amd64/jre --enable-java-home --with-jvm-root-dir=/usr/lib/jvm/java-1.5.0-gcj-5-amd64 --with-jvm-jar-dir=/usr/lib/jvm-exports/java-1.5.0-gcj-5-amd64 --with-arch-directory=amd64 --with-ecj-jar=/usr/share/java/eclipse-ecj.jar --enable-objc-gc --enable-multiarch --disable-werror --with-arch-32=i686 --with-abi=m64 --with-multilib-list=m32,m64,mx32 --enable-multilib --with-tune=generic --enable-checking=release --build=x86_64-linux-gnu --host=x86_64-linux-gnu --target=x86_64-linux-gnu]
  ignore line: [Thread model: posix]
  ignore line: [gcc version 5.4.0 20160609 (Ubuntu 5.4.0-6ubuntu1~16.04.11) ]
  ignore line: [COMPILER_PATH=/usr/lib/gcc/x86_64-linux-gnu/5/:/usr/lib/gcc/x86_64-linux-gnu/5/:/usr/lib/gcc/x86_64-linux-gnu/:/usr/lib/gcc/x86_64-linux-gnu/5/:/usr/lib/gcc/x86_64-linux-gnu/]
  ignore line: [LIBRARY_PATH=/usr/lib/gcc/x86_64-linux-gnu/5/:/usr/lib/gcc/x86_64-linux-gnu/5/../../../x86_64-linux-gnu/:/usr/lib/gcc/x86_64-linux-gnu/5/../../../../lib/:/lib/x86_64-linux-gnu/:/lib/../lib/:/usr/lib/x86_64-linux-gnu/:/usr/lib/../lib/:/usr/lib/gcc/x86_64-linux-gnu/5/../../../:/lib/:/usr/lib/]
  ignore line: [COLLECT_GCC_OPTIONS='-v' '-o' 'cmTC_3e600' '-rdynamic' '-mtune=generic' '-march=x86-64']
  link line: [ /usr/lib/gcc/x86_64-linux-gnu/5/collect2 -plugin /usr/lib/gcc/x86_64-linux-gnu/5/liblto_plugin.so -plugin-opt=/usr/lib/gcc/x86_64-linux-gnu/5/lto-wrapper -plugin-opt=-fresolution=/tmp/cckwNDcK.res -plugin-opt=-pass-through=-lgcc -plugin-opt=-pass-through=-lgcc_s -plugin-opt=-pass-through=-lc -plugin-opt=-pass-through=-lgcc -plugin-opt=-pass-through=-lgcc_s --sysroot=/ --build-id --eh-frame-hdr -m elf_x86_64 --hash-style=gnu --as-needed -export-dynamic -dynamic-linker /lib64/ld-linux-x86-64.so.2 -z relro -o cmTC_3e600 /usr/lib/gcc/x86_64-linux-gnu/5/../../../x86_64-linux-gnu/crt1.o /usr/lib/gcc/x86_64-linux-gnu/5/../../../x86_64-linux-gnu/crti.o /usr/lib/gcc/x86_64-linux-gnu/5/crtbegin.o -L/usr/lib/gcc/x86_64-linux-gnu/5 -L/usr/lib/gcc/x86_64-linux-gnu/5/../../../x86_64-linux-gnu -L/usr/lib/gcc/x86_64-linux-gnu/5/../../../../lib -L/lib/x86_64-linux-gnu -L/lib/../lib -L/usr/lib/x86_64-linux-gnu -L/usr/lib/../lib -L/usr/lib/gcc/x86_64-linux-gnu/5/../../.. CMakeFiles/cmTC_3e600.dir/CMakeCCompilerABI.c.o -lgcc --as-needed -lgcc_s --no-as-needed -lc -lgcc --as-needed -lgcc_s --no-as-needed /usr/lib/gcc/x86_64-linux-gnu/5/crtend.o /usr/lib/gcc/x86_64-linux-gnu/5/../../../x86_64-linux-gnu/crtn.o]
    arg [/usr/lib/gcc/x86_64-linux-gnu/5/collect2] ==> ignore
    arg [-plugin] ==> ignore
    arg [/usr/lib/gcc/x86_64-linux-gnu/5/liblto_plugin.so] ==> ignore
    arg [-plugin-opt=/usr/lib/gcc/x86_64-linux-gnu/5/lto-wrapper] ==> ignore
    arg [-plugin-opt=-fresolution=/tmp/cckwNDcK.res] ==> ignore
    arg [-plugin-opt=-pass-through=-lgcc] ==> ignore
    arg [-plugin-opt=-pass-through=-lgcc_s] ==> ignore
    arg [-plugin-opt=-pass-through=-lc] ==> ignore
    arg [-plugin-opt=-pass-through=-lgcc] ==> ignore
    arg [-plugin-opt=-pass-through=-lgcc_s] ==> ignore
    arg [--sysroot=/] ==> ignore
    arg [--build-id] ==> ignore
    arg [--eh-frame-hdr] ==> ignore
    arg [-m] ==> ignore
    arg [elf_x86_64] ==> ignore
    arg [--hash-style=gnu] ==> ignore
    arg [--as-needed] ==> ignore
    arg [-export-dynamic] ==> ignore
    arg [-dynamic-linker] ==> ignore
    arg [/lib64/ld-linux-x86-64.so.2] ==> ignore
    arg [-zrelro] ==> ignore
    arg [-o] ==> ignore
    arg [cmTC_3e600] ==> ignore
    arg [/usr/lib/gcc/x86_64-linux-gnu/5/../../../x86_64-linux-gnu/crt1.o] ==> ignore
    arg [/usr/lib/gcc/x86_64-linux-gnu/5/../../../x86_64-linux-gnu/crti.o] ==> ignore
    arg [/usr/lib/gcc/x86_64-linux-gnu/5/crtbegin.o] ==> ignore
    arg [-L/usr/lib/gcc/x86_64-linux-gnu/5] ==> dir [/usr/lib/gcc/x86_64-linux-gnu/5]
    arg [-L/usr/lib/gcc/x86_64-linux-gnu/5/../../../x86_64-linux-gnu] ==> dir [/usr/lib/gcc/x86_64-linux-gnu/5/../../../x86_64-linux-gnu]
    arg [-L/usr/lib/gcc/x86_64-linux-gnu/5/../../../../lib] ==> dir [/usr/lib/gcc/x86_64-linux-gnu/5/../../../../lib]
    arg [-L/lib/x86_64-linux-gnu] ==> dir [/lib/x86_64-linux-gnu]
    arg [-L/lib/../lib] ==> dir [/lib/../lib]
    arg [-L/usr/lib/x86_64-linux-gnu] ==> dir [/usr/lib/x86_64-linux-gnu]
    arg [-L/usr/lib/../lib] ==> dir [/usr/lib/../lib]
    arg [-L/usr/lib/gcc/x86_64-linux-gnu/5/../../..] ==> dir [/usr/lib/gcc/x86_64-linux-gnu/5/../../..]
    arg [CMakeFiles/cmTC_3e600.dir/CMakeCCompilerABI.c.o] ==> ignore
    arg [-lgcc] ==> lib [gcc]
    arg [--as-needed] ==> ignore
    arg [-lgcc_s] ==> lib [gcc_s]
    arg [--no-as-needed] ==> ignore
    arg [-lc] ==> lib [c]
    arg [-lgcc] ==> lib [gcc]
    arg [--as-needed] ==> ignore
    arg [-lgcc_s] ==> lib [gcc_s]
    arg [--no-as-needed] ==> ignore
    arg [/usr/lib/gcc/x86_64-linux-gnu/5/crtend.o] ==> ignore
    arg [/usr/lib/gcc/x86_64-linux-gnu/5/../../../x86_64-linux-gnu/crtn.o] ==> ignore
  remove lib [gcc]
  remove lib [gcc_s]
  remove lib [gcc]
  remove lib [gcc_s]
  collapse library dir [/usr/lib/gcc/x86_64-linux-gnu/5] ==> [/usr/lib/gcc/x86_64-linux-gnu/5]
  collapse library dir [/usr/lib/gcc/x86_64-linux-gnu/5/../../../x86_64-linux-gnu] ==> [/usr/lib/x86_64-linux-gnu]
  collapse library dir [/usr/lib/gcc/x86_64-linux-gnu/5/../../../../lib] ==> [/usr/lib]
  collapse library dir [/lib/x86_64-linux-gnu] ==> [/lib/x86_64-linux-gnu]
  collapse library dir [/lib/../lib] ==> [/lib]
  collapse library dir [/usr/lib/x86_64-linux-gnu] ==> [/usr/lib/x86_64-linux-gnu]
  collapse library dir [/usr/lib/../lib] ==> [/usr/lib]
  collapse library dir [/usr/lib/gcc/x86_64-linux-gnu/5/../../..] ==> [/usr/lib]
  implicit libs: [c]
  implicit dirs: [/usr/lib/gcc/x86_64-linux-gnu/5;/usr/lib/x86_64-linux-gnu;/usr/lib;/lib/x86_64-linux-gnu;/lib]
  implicit fwks: []




Detecting C [-std=c11] compiler features compiled with the following output:
Change Dir: /home/xcy/catkin_ws/src/MYNT-EYE-OKVIS-Sample/build/okvis/ceres/src/ceres_external-build/CMakeFiles/CMakeTmp

Run Build Command:"/usr/bin/make" "cmTC_631e2/fast"
make[3]: Entering directory '/home/xcy/catkin_ws/src/MYNT-EYE-OKVIS-Sample/build/okvis/ceres/src/ceres_external-build/CMakeFiles/CMakeTmp'
/usr/bin/make -f CMakeFiles/cmTC_631e2.dir/build.make CMakeFiles/cmTC_631e2.dir/build
make[4]: Entering directory '/home/xcy/catkin_ws/src/MYNT-EYE-OKVIS-Sample/build/okvis/ceres/src/ceres_external-build/CMakeFiles/CMakeTmp'
Building C object CMakeFiles/cmTC_631e2.dir/feature_tests.c.o
/usr/bin/cc    -std=c11 -o CMakeFiles/cmTC_631e2.dir/feature_tests.c.o   -c /home/xcy/catkin_ws/src/MYNT-EYE-OKVIS-Sample/build/okvis/ceres/src/ceres_external-build/CMakeFiles/feature_tests.c
Linking C executable cmTC_631e2
/usr/bin/cmake -E cmake_link_script CMakeFiles/cmTC_631e2.dir/link.txt --verbose=1
/usr/bin/cc       CMakeFiles/cmTC_631e2.dir/feature_tests.c.o  -o cmTC_631e2 -rdynamic 
make[4]: Leaving directory '/home/xcy/catkin_ws/src/MYNT-EYE-OKVIS-Sample/build/okvis/ceres/src/ceres_external-build/CMakeFiles/CMakeTmp'
make[3]: Leaving directory '/home/xcy/catkin_ws/src/MYNT-EYE-OKVIS-Sample/build/okvis/ceres/src/ceres_external-build/CMakeFiles/CMakeTmp'


    Feature record: C_FEATURE:1c_function_prototypes
    Feature record: C_FEATURE:1c_restrict
    Feature record: C_FEATURE:1c_static_assert
    Feature record: C_FEATURE:1c_variadic_macros


Detecting C [-std=c99] compiler features compiled with the following output:
Change Dir: /home/xcy/catkin_ws/src/MYNT-EYE-OKVIS-Sample/build/okvis/ceres/src/ceres_external-build/CMakeFiles/CMakeTmp

Run Build Command:"/usr/bin/make" "cmTC_bbbcd/fast"
make[3]: Entering directory '/home/xcy/catkin_ws/src/MYNT-EYE-OKVIS-Sample/build/okvis/ceres/src/ceres_external-build/CMakeFiles/CMakeTmp'
/usr/bin/make -f CMakeFiles/cmTC_bbbcd.dir/build.make CMakeFiles/cmTC_bbbcd.dir/build
make[4]: Entering directory '/home/xcy/catkin_ws/src/MYNT-EYE-OKVIS-Sample/build/okvis/ceres/src/ceres_external-build/CMakeFiles/CMakeTmp'
Building C object CMakeFiles/cmTC_bbbcd.dir/feature_tests.c.o
/usr/bin/cc    -std=c99 -o CMakeFiles/cmTC_bbbcd.dir/feature_tests.c.o   -c /home/xcy/catkin_ws/src/MYNT-EYE-OKVIS-Sample/build/okvis/ceres/src/ceres_external-build/CMakeFiles/feature_tests.c
Linking C executable cmTC_bbbcd
/usr/bin/cmake -E cmake_link_script CMakeFiles/cmTC_bbbcd.dir/link.txt --verbose=1
/usr/bin/cc       CMakeFiles/cmTC_bbbcd.dir/feature_tests.c.o  -o cmTC_bbbcd -rdynamic 
make[4]: Leaving directory '/home/xcy/catkin_ws/src/MYNT-EYE-OKVIS-Sample/build/okvis/ceres/src/ceres_external-build/CMakeFiles/CMakeTmp'
make[3]: Leaving directory '/home/xcy/catkin_ws/src/MYNT-EYE-OKVIS-Sample/build/okvis/ceres/src/ceres_external-build/CMakeFiles/CMakeTmp'


    Feature record: C_FEATURE:1c_function_prototypes
    Feature record: C_FEATURE:1c_restrict
    Feature record: C_FEATURE:0c_static_assert
    Feature record: C_FEATURE:1c_variadic_macros


Detecting C [-std=c90] compiler features compiled with the following output:
Change Dir: /home/xcy/catkin_ws/src/MYNT-EYE-OKVIS-Sample/build/okvis/ceres/src/ceres_external-build/CMakeFiles/CMakeTmp

Run Build Command:"/usr/bin/make" "cmTC_31202/fast"
make[3]: Entering directory '/home/xcy/catkin_ws/src/MYNT-EYE-OKVIS-Sample/build/okvis/ceres/src/ceres_external-build/CMakeFiles/CMakeTmp'
/usr/bin/make -f CMakeFiles/cmTC_31202.dir/build.make CMakeFiles/cmTC_31202.dir/build
make[4]: Entering directory '/home/xcy/catkin_ws/src/MYNT-EYE-OKVIS-Sample/build/okvis/ceres/src/ceres_external-build/CMakeFiles/CMakeTmp'
Building C object CMakeFiles/cmTC_31202.dir/feature_tests.c.o
/usr/bin/cc    -std=c90 -o CMakeFiles/cmTC_31202.dir/feature_tests.c.o   -c /home/xcy/catkin_ws/src/MYNT-EYE-OKVIS-Sample/build/okvis/ceres/src/ceres_external-build/CMakeFiles/feature_tests.c
Linking C executable cmTC_31202
/usr/bin/cmake -E cmake_link_script CMakeFiles/cmTC_31202.dir/link.txt --verbose=1
/usr/bin/cc       CMakeFiles/cmTC_31202.dir/feature_tests.c.o  -o cmTC_31202 -rdynamic 
make[4]: Leaving directory '/home/xcy/catkin_ws/src/MYNT-EYE-OKVIS-Sample/build/okvis/ceres/src/ceres_external-build/CMakeFiles/CMakeTmp'
make[3]: Leaving directory '/home/xcy/catkin_ws/src/MYNT-EYE-OKVIS-Sample/build/okvis/ceres/src/ceres_external-build/CMakeFiles/CMakeTmp'


    Feature record: C_FEATURE:1c_function_prototypes
    Feature record: C_FEATURE:0c_restrict
    Feature record: C_FEATURE:0c_static_assert
    Feature record: C_FEATURE:0c_variadic_macros
Determining if the CXX compiler works passed with the following output:
Change Dir: /home/xcy/catkin_ws/src/MYNT-EYE-OKVIS-Sample/build/okvis/ceres/src/ceres_external-build/CMakeFiles/CMakeTmp

Run Build Command:"/usr/bin/make" "cmTC_ca2ab/fast"
make[3]: Entering directory '/home/xcy/catkin_ws/src/MYNT-EYE-OKVIS-Sample/build/okvis/ceres/src/ceres_external-build/CMakeFiles/CMakeTmp'
/usr/bin/make -f CMakeFiles/cmTC_ca2ab.dir/build.make CMakeFiles/cmTC_ca2ab.dir/build
make[4]: Entering directory '/home/xcy/catkin_ws/src/MYNT-EYE-OKVIS-Sample/build/okvis/ceres/src/ceres_external-build/CMakeFiles/CMakeTmp'
Building CXX object CMakeFiles/cmTC_ca2ab.dir/testCXXCompiler.cxx.o
/usr/bin/c++     -march=native -Wall -std=c++11 -fPIC -mssse3    -o CMakeFiles/cmTC_ca2ab.dir/testCXXCompiler.cxx.o -c /home/xcy/catkin_ws/src/MYNT-EYE-OKVIS-Sample/build/okvis/ceres/src/ceres_external-build/CMakeFiles/CMakeTmp/testCXXCompiler.cxx
Linking CXX executable cmTC_ca2ab
/usr/bin/cmake -E cmake_link_script CMakeFiles/cmTC_ca2ab.dir/link.txt --verbose=1
/usr/bin/c++    -march=native -Wall -std=c++11 -fPIC -mssse3     CMakeFiles/cmTC_ca2ab.dir/testCXXCompiler.cxx.o  -o cmTC_ca2ab -rdynamic 
make[4]: Leaving directory '/home/xcy/catkin_ws/src/MYNT-EYE-OKVIS-Sample/build/okvis/ceres/src/ceres_external-build/CMakeFiles/CMakeTmp'
make[3]: Leaving directory '/home/xcy/catkin_ws/src/MYNT-EYE-OKVIS-Sample/build/okvis/ceres/src/ceres_external-build/CMakeFiles/CMakeTmp'


Detecting CXX compiler ABI info compiled with the following output:
Change Dir: /home/xcy/catkin_ws/src/MYNT-EYE-OKVIS-Sample/build/okvis/ceres/src/ceres_external-build/CMakeFiles/CMakeTmp

Run Build Command:"/usr/bin/make" "cmTC_18e67/fast"
make[3]: Entering directory '/home/xcy/catkin_ws/src/MYNT-EYE-OKVIS-Sample/build/okvis/ceres/src/ceres_external-build/CMakeFiles/CMakeTmp'
/usr/bin/make -f CMakeFiles/cmTC_18e67.dir/build.make CMakeFiles/cmTC_18e67.dir/build
make[4]: Entering directory '/home/xcy/catkin_ws/src/MYNT-EYE-OKVIS-Sample/build/okvis/ceres/src/ceres_external-build/CMakeFiles/CMakeTmp'
Building CXX object CMakeFiles/cmTC_18e67.dir/CMakeCXXCompilerABI.cpp.o
/usr/bin/c++     -march=native -Wall -std=c++11 -fPIC -mssse3    -o CMakeFiles/cmTC_18e67.dir/CMakeCXXCompilerABI.cpp.o -c /usr/share/cmake-3.5/Modules/CMakeCXXCompilerABI.cpp
Linking CXX executable cmTC_18e67
/usr/bin/cmake -E cmake_link_script CMakeFiles/cmTC_18e67.dir/link.txt --verbose=1
/usr/bin/c++    -march=native -Wall -std=c++11 -fPIC -mssse3    -v CMakeFiles/cmTC_18e67.dir/CMakeCXXCompilerABI.cpp.o  -o cmTC_18e67 -rdynamic  
Using built-in specs.
COLLECT_GCC=/usr/bin/c++
COLLECT_LTO_WRAPPER=/usr/lib/gcc/x86_64-linux-gnu/5/lto-wrapper
Target: x86_64-linux-gnu
Configured with: ../src/configure -v --with-pkgversion='Ubuntu 5.4.0-6ubuntu1~16.04.11' --with-bugurl=file:///usr/share/doc/gcc-5/README.Bugs --enable-languages=c,ada,c++,java,go,d,fortran,objc,obj-c++ --prefix=/usr --program-suffix=-5 --enable-shared --enable-linker-build-id --libexecdir=/usr/lib --without-included-gettext --enable-threads=posix --libdir=/usr/lib --enable-nls --with-sysroot=/ --enable-clocale=gnu --enable-libstdcxx-debug --enable-libstdcxx-time=yes --with-default-libstdcxx-abi=new --enable-gnu-unique-object --disable-vtable-verify --enable-libmpx --enable-plugin --with-system-zlib --disable-browser-plugin --enable-java-awt=gtk --enable-gtk-cairo --with-java-home=/usr/lib/jvm/java-1.5.0-gcj-5-amd64/jre --enable-java-home --with-jvm-root-dir=/usr/lib/jvm/java-1.5.0-gcj-5-amd64 --with-jvm-jar-dir=/usr/lib/jvm-exports/java-1.5.0-gcj-5-amd64 --with-arch-directory=amd64 --with-ecj-jar=/usr/share/java/eclipse-ecj.jar --enable-objc-gc --enable-multiarch --disable-werror --with-arch-32=i686 --with-abi=m64 --with-multilib-list=m32,m64,mx32 --enable-multilib --with-tune=generic --enable-checking=release --build=x86_64-linux-gnu --host=x86_64-linux-gnu --target=x86_64-linux-gnu
Thread model: posix
gcc version 5.4.0 20160609 (Ubuntu 5.4.0-6ubuntu1~16.04.11) 
COMPILER_PATH=/usr/lib/gcc/x86_64-linux-gnu/5/:/usr/lib/gcc/x86_64-linux-gnu/5/:/usr/lib/gcc/x86_64-linux-gnu/:/usr/lib/gcc/x86_64-linux-gnu/5/:/usr/lib/gcc/x86_64-linux-gnu/
LIBRARY_PATH=/usr/lib/gcc/x86_64-linux-gnu/5/:/usr/lib/gcc/x86_64-linux-gnu/5/../../../x86_64-linux-gnu/:/usr/lib/gcc/x86_64-linux-gnu/5/../../../../lib/:/lib/x86_64-linux-gnu/:/lib/../lib/:/usr/lib/x86_64-linux-gnu/:/usr/lib/../lib/:/usr/lib/gcc/x86_64-linux-gnu/5/../../../:/lib/:/usr/lib/
COLLECT_GCC_OPTIONS='-march=native' '-Wall' '-std=c++11' '-fPIC' '-mssse3' '-v' '-o' 'cmTC_18e67' '-rdynamic' '-shared-libgcc'
 /usr/lib/gcc/x86_64-linux-gnu/5/collect2 -plugin /usr/lib/gcc/x86_64-linux-gnu/5/liblto_plugin.so -plugin-opt=/usr/lib/gcc/x86_64-linux-gnu/5/lto-wrapper -plugin-opt=-fresolution=/tmp/ccZ0K2ui.res -plugin-opt=-pass-through=-lgcc_s -plugin-opt=-pass-through=-lgcc -plugin-opt=-pass-through=-lc -plugin-opt=-pass-through=-lgcc_s -plugin-opt=-pass-through=-lgcc --sysroot=/ --build-id --eh-frame-hdr -m elf_x86_64 --hash-style=gnu --as-needed -export-dynamic -dynamic-linker /lib64/ld-linux-x86-64.so.2 -z relro -o cmTC_18e67 /usr/lib/gcc/x86_64-linux-gnu/5/../../../x86_64-linux-gnu/crt1.o /usr/lib/gcc/x86_64-linux-gnu/5/../../../x86_64-linux-gnu/crti.o /usr/lib/gcc/x86_64-linux-gnu/5/crtbegin.o -L/usr/lib/gcc/x86_64-linux-gnu/5 -L/usr/lib/gcc/x86_64-linux-gnu/5/../../../x86_64-linux-gnu -L/usr/lib/gcc/x86_64-linux-gnu/5/../../../../lib -L/lib/x86_64-linux-gnu -L/lib/../lib -L/usr/lib/x86_64-linux-gnu -L/usr/lib/../lib -L/usr/lib/gcc/x86_64-linux-gnu/5/../../.. CMakeFiles/cmTC_18e67.dir/CMakeCXXCompilerABI.cpp.o -lstdc++ -lm -lgcc_s -lgcc -lc -lgcc_s -lgcc /usr/lib/gcc/x86_64-linux-gnu/5/crtend.o /usr/lib/gcc/x86_64-linux-gnu/5/../../../x86_64-linux-gnu/crtn.o
make[4]: Leaving directory '/home/xcy/catkin_ws/src/MYNT-EYE-OKVIS-Sample/build/okvis/ceres/src/ceres_external-build/CMakeFiles/CMakeTmp'
make[3]: Leaving directory '/home/xcy/catkin_ws/src/MYNT-EYE-OKVIS-Sample/build/okvis/ceres/src/ceres_external-build/CMakeFiles/CMakeTmp'


Parsed CXX implicit link information from above output:
  link line regex: [^( *|.*[/\])(ld|([^/\]+-)?ld|collect2)[^/\]*( |$)]
  ignore line: [Change Dir: /home/xcy/catkin_ws/src/MYNT-EYE-OKVIS-Sample/build/okvis/ceres/src/ceres_external-build/CMakeFiles/CMakeTmp]
  ignore line: []
  ignore line: [Run Build Command:"/usr/bin/make" "cmTC_18e67/fast"]
  ignore line: [make[3]: Entering directory '/home/xcy/catkin_ws/src/MYNT-EYE-OKVIS-Sample/build/okvis/ceres/src/ceres_external-build/CMakeFiles/CMakeTmp']
  ignore line: [/usr/bin/make -f CMakeFiles/cmTC_18e67.dir/build.make CMakeFiles/cmTC_18e67.dir/build]
  ignore line: [make[4]: Entering directory '/home/xcy/catkin_ws/src/MYNT-EYE-OKVIS-Sample/build/okvis/ceres/src/ceres_external-build/CMakeFiles/CMakeTmp']
  ignore line: [Building CXX object CMakeFiles/cmTC_18e67.dir/CMakeCXXCompilerABI.cpp.o]
  ignore line: [/usr/bin/c++     -march=native -Wall -std=c++11 -fPIC -mssse3    -o CMakeFiles/cmTC_18e67.dir/CMakeCXXCompilerABI.cpp.o -c /usr/share/cmake-3.5/Modules/CMakeCXXCompilerABI.cpp]
  ignore line: [Linking CXX executable cmTC_18e67]
  ignore line: [/usr/bin/cmake -E cmake_link_script CMakeFiles/cmTC_18e67.dir/link.txt --verbose=1]
  ignore line: [/usr/bin/c++    -march=native -Wall -std=c++11 -fPIC -mssse3    -v CMakeFiles/cmTC_18e67.dir/CMakeCXXCompilerABI.cpp.o  -o cmTC_18e67 -rdynamic  ]
  ignore line: [Using built-in specs.]
  ignore line: [COLLECT_GCC=/usr/bin/c++]
  ignore line: [COLLECT_LTO_WRAPPER=/usr/lib/gcc/x86_64-linux-gnu/5/lto-wrapper]
  ignore line: [Target: x86_64-linux-gnu]
  ignore line: [Configured with: ../src/configure -v --with-pkgversion='Ubuntu 5.4.0-6ubuntu1~16.04.11' --with-bugurl=file:///usr/share/doc/gcc-5/README.Bugs --enable-languages=c,ada,c++,java,go,d,fortran,objc,obj-c++ --prefix=/usr --program-suffix=-5 --enable-shared --enable-linker-build-id --libexecdir=/usr/lib --without-included-gettext --enable-threads=posix --libdir=/usr/lib --enable-nls --with-sysroot=/ --enable-clocale=gnu --enable-libstdcxx-debug --enable-libstdcxx-time=yes --with-default-libstdcxx-abi=new --enable-gnu-unique-object --disable-vtable-verify --enable-libmpx --enable-plugin --with-system-zlib --disable-browser-plugin --enable-java-awt=gtk --enable-gtk-cairo --with-java-home=/usr/lib/jvm/java-1.5.0-gcj-5-amd64/jre --enable-java-home --with-jvm-root-dir=/usr/lib/jvm/java-1.5.0-gcj-5-amd64 --with-jvm-jar-dir=/usr/lib/jvm-exports/java-1.5.0-gcj-5-amd64 --with-arch-directory=amd64 --with-ecj-jar=/usr/share/java/eclipse-ecj.jar --enable-objc-gc --enable-multiarch --disable-werror --with-arch-32=i686 --with-abi=m64 --with-multilib-list=m32,m64,mx32 --enable-multilib --with-tune=generic --enable-checking=release --build=x86_64-linux-gnu --host=x86_64-linux-gnu --target=x86_64-linux-gnu]
  ignore line: [Thread model: posix]
  ignore line: [gcc version 5.4.0 20160609 (Ubuntu 5.4.0-6ubuntu1~16.04.11) ]
  ignore line: [COMPILER_PATH=/usr/lib/gcc/x86_64-linux-gnu/5/:/usr/lib/gcc/x86_64-linux-gnu/5/:/usr/lib/gcc/x86_64-linux-gnu/:/usr/lib/gcc/x86_64-linux-gnu/5/:/usr/lib/gcc/x86_64-linux-gnu/]
  ignore line: [LIBRARY_PATH=/usr/lib/gcc/x86_64-linux-gnu/5/:/usr/lib/gcc/x86_64-linux-gnu/5/../../../x86_64-linux-gnu/:/usr/lib/gcc/x86_64-linux-gnu/5/../../../../lib/:/lib/x86_64-linux-gnu/:/lib/../lib/:/usr/lib/x86_64-linux-gnu/:/usr/lib/../lib/:/usr/lib/gcc/x86_64-linux-gnu/5/../../../:/lib/:/usr/lib/]
  ignore line: [COLLECT_GCC_OPTIONS='-march=native' '-Wall' '-std=c++11' '-fPIC' '-mssse3' '-v' '-o' 'cmTC_18e67' '-rdynamic' '-shared-libgcc']
  link line: [ /usr/lib/gcc/x86_64-linux-gnu/5/collect2 -plugin /usr/lib/gcc/x86_64-linux-gnu/5/liblto_plugin.so -plugin-opt=/usr/lib/gcc/x86_64-linux-gnu/5/lto-wrapper -plugin-opt=-fresolution=/tmp/ccZ0K2ui.res -plugin-opt=-pass-through=-lgcc_s -plugin-opt=-pass-through=-lgcc -plugin-opt=-pass-through=-lc -plugin-opt=-pass-through=-lgcc_s -plugin-opt=-pass-through=-lgcc --sysroot=/ --build-id --eh-frame-hdr -m elf_x86_64 --hash-style=gnu --as-needed -export-dynamic -dynamic-linker /lib64/ld-linux-x86-64.so.2 -z relro -o cmTC_18e67 /usr/lib/gcc/x86_64-linux-gnu/5/../../../x86_64-linux-gnu/crt1.o /usr/lib/gcc/x86_64-linux-gnu/5/../../../x86_64-linux-gnu/crti.o /usr/lib/gcc/x86_64-linux-gnu/5/crtbegin.o -L/usr/lib/gcc/x86_64-linux-gnu/5 -L/usr/lib/gcc/x86_64-linux-gnu/5/../../../x86_64-linux-gnu -L/usr/lib/gcc/x86_64-linux-gnu/5/../../../../lib -L/lib/x86_64-linux-gnu -L/lib/../lib -L/usr/lib/x86_64-linux-gnu -L/usr/lib/../lib -L/usr/lib/gcc/x86_64-linux-gnu/5/../../.. CMakeFiles/cmTC_18e67.dir/CMakeCXXCompilerABI.cpp.o -lstdc++ -lm -lgcc_s -lgcc -lc -lgcc_s -lgcc /usr/lib/gcc/x86_64-linux-gnu/5/crtend.o /usr/lib/gcc/x86_64-linux-gnu/5/../../../x86_64-linux-gnu/crtn.o]
    arg [/usr/lib/gcc/x86_64-linux-gnu/5/collect2] ==> ignore
    arg [-plugin] ==> ignore
    arg [/usr/lib/gcc/x86_64-linux-gnu/5/liblto_plugin.so] ==> ignore
    arg [-plugin-opt=/usr/lib/gcc/x86_64-linux-gnu/5/lto-wrapper] ==> ignore
    arg [-plugin-opt=-fresolution=/tmp/ccZ0K2ui.res] ==> ignore
    arg [-plugin-opt=-pass-through=-lgcc_s] ==> ignore
    arg [-plugin-opt=-pass-through=-lgcc] ==> ignore
    arg [-plugin-opt=-pass-through=-lc] ==> ignore
    arg [-plugin-opt=-pass-through=-lgcc_s] ==> ignore
    arg [-plugin-opt=-pass-through=-lgcc] ==> ignore
    arg [--sysroot=/] ==> ignore
    arg [--build-id] ==> ignore
    arg [--eh-frame-hdr] ==> ignore
    arg [-m] ==> ignore
    arg [elf_x86_64] ==> ignore
    arg [--hash-style=gnu] ==> ignore
    arg [--as-needed] ==> ignore
    arg [-export-dynamic] ==> ignore
    arg [-dynamic-linker] ==> ignore
    arg [/lib64/ld-linux-x86-64.so.2] ==> ignore
    arg [-zrelro] ==> ignore
    arg [-o] ==> ignore
    arg [cmTC_18e67] ==> ignore
    arg [/usr/lib/gcc/x86_64-linux-gnu/5/../../../x86_64-linux-gnu/crt1.o] ==> ignore
    arg [/usr/lib/gcc/x86_64-linux-gnu/5/../../../x86_64-linux-gnu/crti.o] ==> ignore
    arg [/usr/lib/gcc/x86_64-linux-gnu/5/crtbegin.o] ==> ignore
    arg [-L/usr/lib/gcc/x86_64-linux-gnu/5] ==> dir [/usr/lib/gcc/x86_64-linux-gnu/5]
    arg [-L/usr/lib/gcc/x86_64-linux-gnu/5/../../../x86_64-linux-gnu] ==> dir [/usr/lib/gcc/x86_64-linux-gnu/5/../../../x86_64-linux-gnu]
    arg [-L/usr/lib/gcc/x86_64-linux-gnu/5/../../../../lib] ==> dir [/usr/lib/gcc/x86_64-linux-gnu/5/../../../../lib]
    arg [-L/lib/x86_64-linux-gnu] ==> dir [/lib/x86_64-linux-gnu]
    arg [-L/lib/../lib] ==> dir [/lib/../lib]
    arg [-L/usr/lib/x86_64-linux-gnu] ==> dir [/usr/lib/x86_64-linux-gnu]
    arg [-L/usr/lib/../lib] ==> dir [/usr/lib/../lib]
    arg [-L/usr/lib/gcc/x86_64-linux-gnu/5/../../..] ==> dir [/usr/lib/gcc/x86_64-linux-gnu/5/../../..]
    arg [CMakeFiles/cmTC_18e67.dir/CMakeCXXCompilerABI.cpp.o] ==> ignore
    arg [-lstdc++] ==> lib [stdc++]
    arg [-lm] ==> lib [m]
    arg [-lgcc_s] ==> lib [gcc_s]
    arg [-lgcc] ==> lib [gcc]
    arg [-lc] ==> lib [c]
    arg [-lgcc_s] ==> lib [gcc_s]
    arg [-lgcc] ==> lib [gcc]
    arg [/usr/lib/gcc/x86_64-linux-gnu/5/crtend.o] ==> ignore
    arg [/usr/lib/gcc/x86_64-linux-gnu/5/../../../x86_64-linux-gnu/crtn.o] ==> ignore
  remove lib [gcc_s]
  remove lib [gcc]
  remove lib [gcc_s]
  remove lib [gcc]
  collapse library dir [/usr/lib/gcc/x86_64-linux-gnu/5] ==> [/usr/lib/gcc/x86_64-linux-gnu/5]
  collapse library dir [/usr/lib/gcc/x86_64-linux-gnu/5/../../../x86_64-linux-gnu] ==> [/usr/lib/x86_64-linux-gnu]
  collapse library dir [/usr/lib/gcc/x86_64-linux-gnu/5/../../../../lib] ==> [/usr/lib]
  collapse library dir [/lib/x86_64-linux-gnu] ==> [/lib/x86_64-linux-gnu]
  collapse library dir [/lib/../lib] ==> [/lib]
  collapse library dir [/usr/lib/x86_64-linux-gnu] ==> [/usr/lib/x86_64-linux-gnu]
  collapse library dir [/usr/lib/../lib] ==> [/usr/lib]
  collapse library dir [/usr/lib/gcc/x86_64-linux-gnu/5/../../..] ==> [/usr/lib]
  implicit libs: [stdc++;m;c]
  implicit dirs: [/usr/lib/gcc/x86_64-linux-gnu/5;/usr/lib/x86_64-linux-gnu;/usr/lib;/lib/x86_64-linux-gnu;/lib]
  implicit fwks: []




Detecting CXX [-std=c++14] compiler features compiled with the following output:
Change Dir: /home/xcy/catkin_ws/src/MYNT-EYE-OKVIS-Sample/build/okvis/ceres/src/ceres_external-build/CMakeFiles/CMakeTmp

Run Build Command:"/usr/bin/make" "cmTC_c0cf9/fast"
make[3]: Entering directory '/home/xcy/catkin_ws/src/MYNT-EYE-OKVIS-Sample/build/okvis/ceres/src/ceres_external-build/CMakeFiles/CMakeTmp'
/usr/bin/make -f CMakeFiles/cmTC_c0cf9.dir/build.make CMakeFiles/cmTC_c0cf9.dir/build
make[4]: Entering directory '/home/xcy/catkin_ws/src/MYNT-EYE-OKVIS-Sample/build/okvis/ceres/src/ceres_external-build/CMakeFiles/CMakeTmp'
Building CXX object CMakeFiles/cmTC_c0cf9.dir/feature_tests.cxx.o
/usr/bin/c++     -march=native -Wall -std=c++11 -fPIC -mssse3    -std=c++14 -o CMakeFiles/cmTC_c0cf9.dir/feature_tests.cxx.o -c /home/xcy/catkin_ws/src/MYNT-EYE-OKVIS-Sample/build/okvis/ceres/src/ceres_external-build/CMakeFiles/feature_tests.cxx
Linking CXX executable cmTC_c0cf9
/usr/bin/cmake -E cmake_link_script CMakeFiles/cmTC_c0cf9.dir/link.txt --verbose=1
/usr/bin/c++    -march=native -Wall -std=c++11 -fPIC -mssse3     CMakeFiles/cmTC_c0cf9.dir/feature_tests.cxx.o  -o cmTC_c0cf9 -rdynamic 
make[4]: Leaving directory '/home/xcy/catkin_ws/src/MYNT-EYE-OKVIS-Sample/build/okvis/ceres/src/ceres_external-build/CMakeFiles/CMakeTmp'
make[3]: Leaving directory '/home/xcy/catkin_ws/src/MYNT-EYE-OKVIS-Sample/build/okvis/ceres/src/ceres_external-build/CMakeFiles/CMakeTmp'


    Feature record: CXX_FEATURE:1cxx_aggregate_default_initializers
    Feature record: CXX_FEATURE:1cxx_alias_templates
    Feature record: CXX_FEATURE:1cxx_alignas
    Feature record: CXX_FEATURE:1cxx_alignof
    Feature record: CXX_FEATURE:1cxx_attributes
    Feature record: CXX_FEATURE:1cxx_attribute_deprecated
    Feature record: CXX_FEATURE:1cxx_auto_type
    Feature record: CXX_FEATURE:1cxx_binary_literals
    Feature record: CXX_FEATURE:1cxx_constexpr
    Feature record: CXX_FEATURE:1cxx_contextual_conversions
    Feature record: CXX_FEATURE:1cxx_decltype
    Feature record: CXX_FEATURE:1cxx_decltype_auto
    Feature record: CXX_FEATURE:1cxx_decltype_incomplete_return_types
    Feature record: CXX_FEATURE:1cxx_default_function_template_args
    Feature record: CXX_FEATURE:1cxx_defaulted_functions
    Feature record: CXX_FEATURE:1cxx_defaulted_move_initializers
    Feature record: CXX_FEATURE:1cxx_delegating_constructors
    Feature record: CXX_FEATURE:1cxx_deleted_functions
    Feature record: CXX_FEATURE:1cxx_digit_separators
    Feature record: CXX_FEATURE:1cxx_enum_forward_declarations
    Feature record: CXX_FEATURE:1cxx_explicit_conversions
    Feature record: CXX_FEATURE:1cxx_extended_friend_declarations
    Feature record: CXX_FEATURE:1cxx_extern_templates
    Feature record: CXX_FEATURE:1cxx_final
    Feature record: CXX_FEATURE:1cxx_func_identifier
    Feature record: CXX_FEATURE:1cxx_generalized_initializers
    Feature record: CXX_FEATURE:1cxx_generic_lambdas
    Feature record: CXX_FEATURE:1cxx_inheriting_constructors
    Feature record: CXX_FEATURE:1cxx_inline_namespaces
    Feature record: CXX_FEATURE:1cxx_lambdas
    Feature record: CXX_FEATURE:1cxx_lambda_init_captures
    Feature record: CXX_FEATURE:1cxx_local_type_template_args
    Feature record: CXX_FEATURE:1cxx_long_long_type
    Feature record: CXX_FEATURE:1cxx_noexcept
    Feature record: CXX_FEATURE:1cxx_nonstatic_member_init
    Feature record: CXX_FEATURE:1cxx_nullptr
    Feature record: CXX_FEATURE:1cxx_override
    Feature record: CXX_FEATURE:1cxx_range_for
    Feature record: CXX_FEATURE:1cxx_raw_string_literals
    Feature record: CXX_FEATURE:1cxx_reference_qualified_functions
    Feature record: CXX_FEATURE:1cxx_relaxed_constexpr
    Feature record: CXX_FEATURE:1cxx_return_type_deduction
    Feature record: CXX_FEATURE:1cxx_right_angle_brackets
    Feature record: CXX_FEATURE:1cxx_rvalue_references
    Feature record: CXX_FEATURE:1cxx_sizeof_member
    Feature record: CXX_FEATURE:1cxx_static_assert
    Feature record: CXX_FEATURE:1cxx_strong_enums
    Feature record: CXX_FEATURE:1cxx_template_template_parameters
    Feature record: CXX_FEATURE:1cxx_thread_local
    Feature record: CXX_FEATURE:1cxx_trailing_return_types
    Feature record: CXX_FEATURE:1cxx_unicode_literals
    Feature record: CXX_FEATURE:1cxx_uniform_initialization
    Feature record: CXX_FEATURE:1cxx_unrestricted_unions
    Feature record: CXX_FEATURE:1cxx_user_literals
    Feature record: CXX_FEATURE:1cxx_variable_templates
    Feature record: CXX_FEATURE:1cxx_variadic_macros
    Feature record: CXX_FEATURE:1cxx_variadic_templates


Detecting CXX [-std=c++11] compiler features compiled with the following output:
Change Dir: /home/xcy/catkin_ws/src/MYNT-EYE-OKVIS-Sample/build/okvis/ceres/src/ceres_external-build/CMakeFiles/CMakeTmp

Run Build Command:"/usr/bin/make" "cmTC_bfa1d/fast"
make[3]: Entering directory '/home/xcy/catkin_ws/src/MYNT-EYE-OKVIS-Sample/build/okvis/ceres/src/ceres_external-build/CMakeFiles/CMakeTmp'
/usr/bin/make -f CMakeFiles/cmTC_bfa1d.dir/build.make CMakeFiles/cmTC_bfa1d.dir/build
make[4]: Entering directory '/home/xcy/catkin_ws/src/MYNT-EYE-OKVIS-Sample/build/okvis/ceres/src/ceres_external-build/CMakeFiles/CMakeTmp'
Building CXX object CMakeFiles/cmTC_bfa1d.dir/feature_tests.cxx.o
/usr/bin/c++     -march=native -Wall -std=c++11 -fPIC -mssse3    -std=c++11 -o CMakeFiles/cmTC_bfa1d.dir/feature_tests.cxx.o -c /home/xcy/catkin_ws/src/MYNT-EYE-OKVIS-Sample/build/okvis/ceres/src/ceres_external-build/CMakeFiles/feature_tests.cxx
Linking CXX executable cmTC_bfa1d
/usr/bin/cmake -E cmake_link_script CMakeFiles/cmTC_bfa1d.dir/link.txt --verbose=1
/usr/bin/c++    -march=native -Wall -std=c++11 -fPIC -mssse3     CMakeFiles/cmTC_bfa1d.dir/feature_tests.cxx.o  -o cmTC_bfa1d -rdynamic 
make[4]: Leaving directory '/home/xcy/catkin_ws/src/MYNT-EYE-OKVIS-Sample/build/okvis/ceres/src/ceres_external-build/CMakeFiles/CMakeTmp'
make[3]: Leaving directory '/home/xcy/catkin_ws/src/MYNT-EYE-OKVIS-Sample/build/okvis/ceres/src/ceres_external-build/CMakeFiles/CMakeTmp'


    Feature record: CXX_FEATURE:0cxx_aggregate_default_initializers
    Feature record: CXX_FEATURE:1cxx_alias_templates
    Feature record: CXX_FEATURE:1cxx_alignas
    Feature record: CXX_FEATURE:1cxx_alignof
    Feature record: CXX_FEATURE:1cxx_attributes
    Feature record: CXX_FEATURE:0cxx_attribute_deprecated
    Feature record: CXX_FEATURE:1cxx_auto_type
    Feature record: CXX_FEATURE:0cxx_binary_literals
    Feature record: CXX_FEATURE:1cxx_constexpr
    Feature record: CXX_FEATURE:0cxx_contextual_conversions
    Feature record: CXX_FEATURE:1cxx_decltype
    Feature record: CXX_FEATURE:0cxx_decltype_auto
    Feature record: CXX_FEATURE:1cxx_decltype_incomplete_return_types
    Feature record: CXX_FEATURE:1cxx_default_function_template_args
    Feature record: CXX_FEATURE:1cxx_defaulted_functions
    Feature record: CXX_FEATURE:1cxx_defaulted_move_initializers
    Feature record: CXX_FEATURE:1cxx_delegating_constructors
    Feature record: CXX_FEATURE:1cxx_deleted_functions
    Feature record: CXX_FEATURE:0cxx_digit_separators
    Feature record: CXX_FEATURE:1cxx_enum_forward_declarations
    Feature record: CXX_FEATURE:1cxx_explicit_conversions
    Feature record: CXX_FEATURE:1cxx_extended_friend_declarations
    Feature record: CXX_FEATURE:1cxx_extern_templates
    Feature record: CXX_FEATURE:1cxx_final
    Feature record: CXX_FEATURE:1cxx_func_identifier
    Feature record: CXX_FEATURE:1cxx_generalized_initializers
    Feature record: CXX_FEATURE:0cxx_generic_lambdas
    Feature record: CXX_FEATURE:1cxx_inheriting_constructors
    Feature record: CXX_FEATURE:1cxx_inline_namespaces
    Feature record: CXX_FEATURE:1cxx_lambdas
    Feature record: CXX_FEATURE:0cxx_lambda_init_captures
    Feature record: CXX_FEATURE:1cxx_local_type_template_args
    Feature record: CXX_FEATURE:1cxx_long_long_type
    Feature record: CXX_FEATURE:1cxx_noexcept
    Feature record: CXX_FEATURE:1cxx_nonstatic_member_init
    Feature record: CXX_FEATURE:1cxx_nullptr
    Feature record: CXX_FEATURE:1cxx_override
    Feature record: CXX_FEATURE:1cxx_range_for
    Feature record: CXX_FEATURE:1cxx_raw_string_literals
    Feature record: CXX_FEATURE:1cxx_reference_qualified_functions
    Feature record: CXX_FEATURE:0cxx_relaxed_constexpr
    Feature record: CXX_FEATURE:0cxx_return_type_deduction
    Feature record: CXX_FEATURE:1cxx_right_angle_brackets
    Feature record: CXX_FEATURE:1cxx_rvalue_references
    Feature record: CXX_FEATURE:1cxx_sizeof_member
    Feature record: CXX_FEATURE:1cxx_static_assert
    Feature record: CXX_FEATURE:1cxx_strong_enums
    Feature record: CXX_FEATURE:1cxx_template_template_parameters
    Feature record: CXX_FEATURE:1cxx_thread_local
    Feature record: CXX_FEATURE:1cxx_trailing_return_types
    Feature record: CXX_FEATURE:1cxx_unicode_literals
    Feature record: CXX_FEATURE:1cxx_uniform_initialization
    Feature record: CXX_FEATURE:1cxx_unrestricted_unions
    Feature record: CXX_FEATURE:1cxx_user_literals
    Feature record: CXX_FEATURE:0cxx_variable_templates
    Feature record: CXX_FEATURE:1cxx_variadic_macros
    Feature record: CXX_FEATURE:1cxx_variadic_templates


Detecting CXX [-std=c++98] compiler features compiled with the following output:
Change Dir: /home/xcy/catkin_ws/src/MYNT-EYE-OKVIS-Sample/build/okvis/ceres/src/ceres_external-build/CMakeFiles/CMakeTmp

Run Build Command:"/usr/bin/make" "cmTC_a8fca/fast"
make[3]: Entering directory '/home/xcy/catkin_ws/src/MYNT-EYE-OKVIS-Sample/build/okvis/ceres/src/ceres_external-build/CMakeFiles/CMakeTmp'
/usr/bin/make -f CMakeFiles/cmTC_a8fca.dir/build.make CMakeFiles/cmTC_a8fca.dir/build
make[4]: Entering directory '/home/xcy/catkin_ws/src/MYNT-EYE-OKVIS-Sample/build/okvis/ceres/src/ceres_external-build/CMakeFiles/CMakeTmp'
Building CXX object CMakeFiles/cmTC_a8fca.dir/feature_tests.cxx.o
/usr/bin/c++     -march=native -Wall -std=c++11 -fPIC -mssse3    -std=c++98 -o CMakeFiles/cmTC_a8fca.dir/feature_tests.cxx.o -c /home/xcy/catkin_ws/src/MYNT-EYE-OKVIS-Sample/build/okvis/ceres/src/ceres_external-build/CMakeFiles/feature_tests.cxx
Linking CXX executable cmTC_a8fca
/usr/bin/cmake -E cmake_link_script CMakeFiles/cmTC_a8fca.dir/link.txt --verbose=1
/usr/bin/c++    -march=native -Wall -std=c++11 -fPIC -mssse3     CMakeFiles/cmTC_a8fca.dir/feature_tests.cxx.o  -o cmTC_a8fca -rdynamic 
make[4]: Leaving directory '/home/xcy/catkin_ws/src/MYNT-EYE-OKVIS-Sample/build/okvis/ceres/src/ceres_external-build/CMakeFiles/CMakeTmp'
make[3]: Leaving directory '/home/xcy/catkin_ws/src/MYNT-EYE-OKVIS-Sample/build/okvis/ceres/src/ceres_external-build/CMakeFiles/CMakeTmp'


    Feature record: CXX_FEATURE:0cxx_aggregate_default_initializers
    Feature record: CXX_FEATURE:0cxx_alias_templates
    Feature record: CXX_FEATURE:0cxx_alignas
    Feature record: CXX_FEATURE:0cxx_alignof
    Feature record: CXX_FEATURE:0cxx_attributes
    Feature record: CXX_FEATURE:0cxx_attribute_deprecated
    Feature record: CXX_FEATURE:0cxx_auto_type
    Feature record: CXX_FEATURE:0cxx_binary_literals
    Feature record: CXX_FEATURE:0cxx_constexpr
    Feature record: CXX_FEATURE:0cxx_contextual_conversions
    Feature record: CXX_FEATURE:0cxx_decltype
    Feature record: CXX_FEATURE:0cxx_decltype_auto
    Feature record: CXX_FEATURE:0cxx_decltype_incomplete_return_types
    Feature record: CXX_FEATURE:0cxx_default_function_template_args
    Feature record: CXX_FEATURE:0cxx_defaulted_functions
    Feature record: CXX_FEATURE:0cxx_defaulted_move_initializers
    Feature record: CXX_FEATURE:0cxx_delegating_constructors
    Feature record: CXX_FEATURE:0cxx_deleted_functions
    Feature record: CXX_FEATURE:0cxx_digit_separators
    Feature record: CXX_FEATURE:0cxx_enum_forward_declarations
    Feature record: CXX_FEATURE:0cxx_explicit_conversions
    Feature record: CXX_FEATURE:0cxx_extended_friend_declarations
    Feature record: CXX_FEATURE:0cxx_extern_templates
    Feature record: CXX_FEATURE:0cxx_final
    Feature record: CXX_FEATURE:0cxx_func_identifier
    Feature record: CXX_FEATURE:0cxx_generalized_initializers
    Feature record: CXX_FEATURE:0cxx_generic_lambdas
    Feature record: CXX_FEATURE:0cxx_inheriting_constructors
    Feature record: CXX_FEATURE:0cxx_inline_namespaces
    Feature record: CXX_FEATURE:0cxx_lambdas
    Feature record: CXX_FEATURE:0cxx_lambda_init_captures
    Feature record: CXX_FEATURE:0cxx_local_type_template_args
    Feature record: CXX_FEATURE:0cxx_long_long_type
    Feature record: CXX_FEATURE:0cxx_noexcept
    Feature record: CXX_FEATURE:0cxx_nonstatic_member_init
    Feature record: CXX_FEATURE:0cxx_nullptr
    Feature record: CXX_FEATURE:0cxx_override
    Feature record: CXX_FEATURE:0cxx_range_for
    Feature record: CXX_FEATURE:0cxx_raw_string_literals
    Feature record: CXX_FEATURE:0cxx_reference_qualified_functions
    Feature record: CXX_FEATURE:0cxx_relaxed_constexpr
    Feature record: CXX_FEATURE:0cxx_return_type_deduction
    Feature record: CXX_FEATURE:0cxx_right_angle_brackets
    Feature record: CXX_FEATURE:0cxx_rvalue_references
    Feature record: CXX_FEATURE:0cxx_sizeof_member
    Feature record: CXX_FEATURE:0cxx_static_assert
    Feature record: CXX_FEATURE:0cxx_strong_enums
    Feature record: CXX_FEATURE:1cxx_template_template_parameters
    Feature record: CXX_FEATURE:0cxx_thread_local
    Feature record: CXX_FEATURE:0cxx_trailing_return_types
    Feature record: CXX_FEATURE:0cxx_unicode_literals
    Feature record: CXX_FEATURE:0cxx_uniform_initialization
    Feature record: CXX_FEATURE:0cxx_unrestricted_unions
    Feature record: CXX_FEATURE:0cxx_user_literals
    Feature record: CXX_FEATURE:0cxx_variable_templates
    Feature record: CXX_FEATURE:0cxx_variadic_macros
    Feature record: CXX_FEATURE:0cxx_variadic_templates
Determining if the function sgemm_ exists passed with the following output:
Change Dir: /home/xcy/catkin_ws/src/MYNT-EYE-OKVIS-Sample/build/okvis/ceres/src/ceres_external-build/CMakeFiles/CMakeTmp

Run Build Command:"/usr/bin/make" "cmTC_a3a1d/fast"
make[3]: Entering directory '/home/xcy/catkin_ws/src/MYNT-EYE-OKVIS-Sample/build/okvis/ceres/src/ceres_external-build/CMakeFiles/CMakeTmp'
/usr/bin/make -f CMakeFiles/cmTC_a3a1d.dir/build.make CMakeFiles/cmTC_a3a1d.dir/build
make[4]: Entering directory '/home/xcy/catkin_ws/src/MYNT-EYE-OKVIS-Sample/build/okvis/ceres/src/ceres_external-build/CMakeFiles/CMakeTmp'
Building C object CMakeFiles/cmTC_a3a1d.dir/CheckFunctionExists.c.o
/usr/bin/cc    -DCHECK_FUNCTION_EXISTS=sgemm_   -o CMakeFiles/cmTC_a3a1d.dir/CheckFunctionExists.c.o   -c /usr/share/cmake-3.5/Modules/CheckFunctionExists.c
Linking C executable cmTC_a3a1d
/usr/bin/cmake -E cmake_link_script CMakeFiles/cmTC_a3a1d.dir/link.txt --verbose=1
/usr/bin/cc   -DCHECK_FUNCTION_EXISTS=sgemm_    CMakeFiles/cmTC_a3a1d.dir/CheckFunctionExists.c.o  -o cmTC_a3a1d -rdynamic /usr/lib/libblas.so 
make[4]: Leaving directory '/home/xcy/catkin_ws/src/MYNT-EYE-OKVIS-Sample/build/okvis/ceres/src/ceres_external-build/CMakeFiles/CMakeTmp'
make[3]: Leaving directory '/home/xcy/catkin_ws/src/MYNT-EYE-OKVIS-Sample/build/okvis/ceres/src/ceres_external-build/CMakeFiles/CMakeTmp'


Determining if the include file pthread.h exists passed with the following output:
Change Dir: /home/xcy/catkin_ws/src/MYNT-EYE-OKVIS-Sample/build/okvis/ceres/src/ceres_external-build/CMakeFiles/CMakeTmp

Run Build Command:"/usr/bin/make" "cmTC_87f0b/fast"
make[3]: Entering directory '/home/xcy/catkin_ws/src/MYNT-EYE-OKVIS-Sample/build/okvis/ceres/src/ceres_external-build/CMakeFiles/CMakeTmp'
/usr/bin/make -f CMakeFiles/cmTC_87f0b.dir/build.make CMakeFiles/cmTC_87f0b.dir/build
make[4]: Entering directory '/home/xcy/catkin_ws/src/MYNT-EYE-OKVIS-Sample/build/okvis/ceres/src/ceres_external-build/CMakeFiles/CMakeTmp'
Building C object CMakeFiles/cmTC_87f0b.dir/CheckIncludeFile.c.o
/usr/bin/cc     -o CMakeFiles/cmTC_87f0b.dir/CheckIncludeFile.c.o   -c /home/xcy/catkin_ws/src/MYNT-EYE-OKVIS-Sample/build/okvis/ceres/src/ceres_external-build/CMakeFiles/CMakeTmp/CheckIncludeFile.c
Linking C executable cmTC_87f0b
/usr/bin/cmake -E cmake_link_script CMakeFiles/cmTC_87f0b.dir/link.txt --verbose=1
/usr/bin/cc       CMakeFiles/cmTC_87f0b.dir/CheckIncludeFile.c.o  -o cmTC_87f0b -rdynamic 
make[4]: Leaving directory '/home/xcy/catkin_ws/src/MYNT-EYE-OKVIS-Sample/build/okvis/ceres/src/ceres_external-build/CMakeFiles/CMakeTmp'
make[3]: Leaving directory '/home/xcy/catkin_ws/src/MYNT-EYE-OKVIS-Sample/build/okvis/ceres/src/ceres_external-build/CMakeFiles/CMakeTmp'


Determining if the function pthread_create exists in the pthread passed with the following output:
Change Dir: /home/xcy/catkin_ws/src/MYNT-EYE-OKVIS-Sample/build/okvis/ceres/src/ceres_external-build/CMakeFiles/CMakeTmp

Run Build Command:"/usr/bin/make" "cmTC_3faad/fast"
make[3]: Entering directory '/home/xcy/catkin_ws/src/MYNT-EYE-OKVIS-Sample/build/okvis/ceres/src/ceres_external-build/CMakeFiles/CMakeTmp'
/usr/bin/make -f CMakeFiles/cmTC_3faad.dir/build.make CMakeFiles/cmTC_3faad.dir/build
make[4]: Entering directory '/home/xcy/catkin_ws/src/MYNT-EYE-OKVIS-Sample/build/okvis/ceres/src/ceres_external-build/CMakeFiles/CMakeTmp'
Building C object CMakeFiles/cmTC_3faad.dir/CheckFunctionExists.c.o
/usr/bin/cc    -DCHECK_FUNCTION_EXISTS=pthread_create   -o CMakeFiles/cmTC_3faad.dir/CheckFunctionExists.c.o   -c /usr/share/cmake-3.5/Modules/CheckFunctionExists.c
Linking C executable cmTC_3faad
/usr/bin/cmake -E cmake_link_script CMakeFiles/cmTC_3faad.dir/link.txt --verbose=1
/usr/bin/cc   -DCHECK_FUNCTION_EXISTS=pthread_create    CMakeFiles/cmTC_3faad.dir/CheckFunctionExists.c.o  -o cmTC_3faad -rdynamic -lpthread 
make[4]: Leaving directory '/home/xcy/catkin_ws/src/MYNT-EYE-OKVIS-Sample/build/okvis/ceres/src/ceres_external-build/CMakeFiles/CMakeTmp'
make[3]: Leaving directory '/home/xcy/catkin_ws/src/MYNT-EYE-OKVIS-Sample/build/okvis/ceres/src/ceres_external-build/CMakeFiles/CMakeTmp'


Determining if the function cheev_ exists passed with the following output:
Change Dir: /home/xcy/catkin_ws/src/MYNT-EYE-OKVIS-Sample/build/okvis/ceres/src/ceres_external-build/CMakeFiles/CMakeTmp

Run Build Command:"/usr/bin/make" "cmTC_31263/fast"
make[3]: Entering directory '/home/xcy/catkin_ws/src/MYNT-EYE-OKVIS-Sample/build/okvis/ceres/src/ceres_external-build/CMakeFiles/CMakeTmp'
/usr/bin/make -f CMakeFiles/cmTC_31263.dir/build.make CMakeFiles/cmTC_31263.dir/build
make[4]: Entering directory '/home/xcy/catkin_ws/src/MYNT-EYE-OKVIS-Sample/build/okvis/ceres/src/ceres_external-build/CMakeFiles/CMakeTmp'
Building C object CMakeFiles/cmTC_31263.dir/CheckFunctionExists.c.o
/usr/bin/cc    -DCHECK_FUNCTION_EXISTS=cheev_   -o CMakeFiles/cmTC_31263.dir/CheckFunctionExists.c.o   -c /usr/share/cmake-3.5/Modules/CheckFunctionExists.c
Linking C executable cmTC_31263
/usr/bin/cmake -E cmake_link_script CMakeFiles/cmTC_31263.dir/link.txt --verbose=1
/usr/bin/cc   -DCHECK_FUNCTION_EXISTS=cheev_    CMakeFiles/cmTC_31263.dir/CheckFunctionExists.c.o  -o cmTC_31263 -rdynamic /usr/lib/liblapack.so /usr/lib/libblas.so 
make[4]: Leaving directory '/home/xcy/catkin_ws/src/MYNT-EYE-OKVIS-Sample/build/okvis/ceres/src/ceres_external-build/CMakeFiles/CMakeTmp'
make[3]: Leaving directory '/home/xcy/catkin_ws/src/MYNT-EYE-OKVIS-Sample/build/okvis/ceres/src/ceres_external-build/CMakeFiles/CMakeTmp'


Performing C SOURCE FILE Test OpenMP_FLAG_DETECTED succeeded with the following output:
Change Dir: /home/xcy/catkin_ws/src/MYNT-EYE-OKVIS-Sample/build/okvis/ceres/src/ceres_external-build/CMakeFiles/CMakeTmp

Run Build Command:"/usr/bin/make" "cmTC_000b1/fast"
make[3]: Entering directory '/home/xcy/catkin_ws/src/MYNT-EYE-OKVIS-Sample/build/okvis/ceres/src/ceres_external-build/CMakeFiles/CMakeTmp'
/usr/bin/make -f CMakeFiles/cmTC_000b1.dir/build.make CMakeFiles/cmTC_000b1.dir/build
make[4]: Entering directory '/home/xcy/catkin_ws/src/MYNT-EYE-OKVIS-Sample/build/okvis/ceres/src/ceres_external-build/CMakeFiles/CMakeTmp'
Building C object CMakeFiles/cmTC_000b1.dir/src.c.o
/usr/bin/cc    -DOpenMP_FLAG_DETECTED -fopenmp   -o CMakeFiles/cmTC_000b1.dir/src.c.o   -c /home/xcy/catkin_ws/src/MYNT-EYE-OKVIS-Sample/build/okvis/ceres/src/ceres_external-build/CMakeFiles/CMakeTmp/src.c
Linking C executable cmTC_000b1
/usr/bin/cmake -E cmake_link_script CMakeFiles/cmTC_000b1.dir/link.txt --verbose=1
/usr/bin/cc   -DOpenMP_FLAG_DETECTED -fopenmp    CMakeFiles/cmTC_000b1.dir/src.c.o  -o cmTC_000b1 -rdynamic 
make[4]: Leaving directory '/home/xcy/catkin_ws/src/MYNT-EYE-OKVIS-Sample/build/okvis/ceres/src/ceres_external-build/CMakeFiles/CMakeTmp'
make[3]: Leaving directory '/home/xcy/catkin_ws/src/MYNT-EYE-OKVIS-Sample/build/okvis/ceres/src/ceres_external-build/CMakeFiles/CMakeTmp'

Source file was:

#include <omp.h>
int main() {
#ifdef _OPENMP
  return 0;
#else
  breaks_on_purpose
#endif
}

Performing C++ SOURCE FILE Test OpenMP_FLAG_DETECTED succeeded with the following output:
Change Dir: /home/xcy/catkin_ws/src/MYNT-EYE-OKVIS-Sample/build/okvis/ceres/src/ceres_external-build/CMakeFiles/CMakeTmp

Run Build Command:"/usr/bin/make" "cmTC_eb5b5/fast"
make[3]: Entering directory '/home/xcy/catkin_ws/src/MYNT-EYE-OKVIS-Sample/build/okvis/ceres/src/ceres_external-build/CMakeFiles/CMakeTmp'
/usr/bin/make -f CMakeFiles/cmTC_eb5b5.dir/build.make CMakeFiles/cmTC_eb5b5.dir/build
make[4]: Entering directory '/home/xcy/catkin_ws/src/MYNT-EYE-OKVIS-Sample/build/okvis/ceres/src/ceres_external-build/CMakeFiles/CMakeTmp'
Building CXX object CMakeFiles/cmTC_eb5b5.dir/src.cxx.o
/usr/bin/c++     -march=native -Wall -std=c++11 -fPIC -mssse3 -DOpenMP_FLAG_DETECTED -fopenmp   -o CMakeFiles/cmTC_eb5b5.dir/src.cxx.o -c /home/xcy/catkin_ws/src/MYNT-EYE-OKVIS-Sample/build/okvis/ceres/src/ceres_external-build/CMakeFiles/CMakeTmp/src.cxx
Linking CXX executable cmTC_eb5b5
/usr/bin/cmake -E cmake_link_script CMakeFiles/cmTC_eb5b5.dir/link.txt --verbose=1
/usr/bin/c++    -march=native -Wall -std=c++11 -fPIC -mssse3 -DOpenMP_FLAG_DETECTED -fopenmp    CMakeFiles/cmTC_eb5b5.dir/src.cxx.o  -o cmTC_eb5b5 -rdynamic 
make[4]: Leaving directory '/home/xcy/catkin_ws/src/MYNT-EYE-OKVIS-Sample/build/okvis/ceres/src/ceres_external-build/CMakeFiles/CMakeTmp'
make[3]: Leaving directory '/home/xcy/catkin_ws/src/MYNT-EYE-OKVIS-Sample/build/okvis/ceres/src/ceres_external-build/CMakeFiles/CMakeTmp'

Source file was:

#include <omp.h>
int main() {
#ifdef _OPENMP
  return 0;
#else
  breaks_on_purpose
#endif
}

Determining if the include file unordered_map exists passed with the following output:
Change Dir: /home/xcy/catkin_ws/src/MYNT-EYE-OKVIS-Sample/build/okvis/ceres/src/ceres_external-build/CMakeFiles/CMakeTmp

Run Build Command:"/usr/bin/make" "cmTC_50ad7/fast"
make[3]: Entering directory '/home/xcy/catkin_ws/src/MYNT-EYE-OKVIS-Sample/build/okvis/ceres/src/ceres_external-build/CMakeFiles/CMakeTmp'
/usr/bin/make -f CMakeFiles/cmTC_50ad7.dir/build.make CMakeFiles/cmTC_50ad7.dir/build
make[4]: Entering directory '/home/xcy/catkin_ws/src/MYNT-EYE-OKVIS-Sample/build/okvis/ceres/src/ceres_external-build/CMakeFiles/CMakeTmp'
Building CXX object CMakeFiles/cmTC_50ad7.dir/CheckIncludeFile.cxx.o
/usr/bin/c++     -march=native -Wall -std=c++11 -fPIC -mssse3 -fopenmp    -o CMakeFiles/cmTC_50ad7.dir/CheckIncludeFile.cxx.o -c /home/xcy/catkin_ws/src/MYNT-EYE-OKVIS-Sample/build/okvis/ceres/src/ceres_external-build/CMakeFiles/CMakeTmp/CheckIncludeFile.cxx
Linking CXX executable cmTC_50ad7
/usr/bin/cmake -E cmake_link_script CMakeFiles/cmTC_50ad7.dir/link.txt --verbose=1
/usr/bin/c++    -march=native -Wall -std=c++11 -fPIC -mssse3 -fopenmp     CMakeFiles/cmTC_50ad7.dir/CheckIncludeFile.cxx.o  -o cmTC_50ad7 -rdynamic 
make[4]: Leaving directory '/home/xcy/catkin_ws/src/MYNT-EYE-OKVIS-Sample/build/okvis/ceres/src/ceres_external-build/CMakeFiles/CMakeTmp'
make[3]: Leaving directory '/home/xcy/catkin_ws/src/MYNT-EYE-OKVIS-Sample/build/okvis/ceres/src/ceres_external-build/CMakeFiles/CMakeTmp'


Performing C++ SOURCE FILE Test HAVE_UNORDERED_MAP_IN_STD_NAMESPACE succeeded with the following output:
Change Dir: /home/xcy/catkin_ws/src/MYNT-EYE-OKVIS-Sample/build/okvis/ceres/src/ceres_external-build/CMakeFiles/CMakeTmp

Run Build Command:"/usr/bin/make" "cmTC_04b5a/fast"
make[3]: Entering directory '/home/xcy/catkin_ws/src/MYNT-EYE-OKVIS-Sample/build/okvis/ceres/src/ceres_external-build/CMakeFiles/CMakeTmp'
/usr/bin/make -f CMakeFiles/cmTC_04b5a.dir/build.make CMakeFiles/cmTC_04b5a.dir/build
make[4]: Entering directory '/home/xcy/catkin_ws/src/MYNT-EYE-OKVIS-Sample/build/okvis/ceres/src/ceres_external-build/CMakeFiles/CMakeTmp'
Building CXX object CMakeFiles/cmTC_04b5a.dir/src.cxx.o
/usr/bin/c++     -march=native -Wall -std=c++11 -fPIC -mssse3 -fopenmp -DHAVE_UNORDERED_MAP_IN_STD_NAMESPACE   -o CMakeFiles/cmTC_04b5a.dir/src.cxx.o -c /home/xcy/catkin_ws/src/MYNT-EYE-OKVIS-Sample/build/okvis/ceres/src/ceres_external-build/CMakeFiles/CMakeTmp/src.cxx
Linking CXX executable cmTC_04b5a
/usr/bin/cmake -E cmake_link_script CMakeFiles/cmTC_04b5a.dir/link.txt --verbose=1
/usr/bin/c++    -march=native -Wall -std=c++11 -fPIC -mssse3 -fopenmp -DHAVE_UNORDERED_MAP_IN_STD_NAMESPACE    CMakeFiles/cmTC_04b5a.dir/src.cxx.o  -o cmTC_04b5a -rdynamic 
make[4]: Leaving directory '/home/xcy/catkin_ws/src/MYNT-EYE-OKVIS-Sample/build/okvis/ceres/src/ceres_external-build/CMakeFiles/CMakeTmp'
make[3]: Leaving directory '/home/xcy/catkin_ws/src/MYNT-EYE-OKVIS-Sample/build/okvis/ceres/src/ceres_external-build/CMakeFiles/CMakeTmp'

Source file was:
#include <unordered_map>
                             int main() {
                               std::unordered_map<int, int> map;
                               return 0;
                             }
Determining if the include file memory exists passed with the following output:
Change Dir: /home/xcy/catkin_ws/src/MYNT-EYE-OKVIS-Sample/build/okvis/ceres/src/ceres_external-build/CMakeFiles/CMakeTmp

Run Build Command:"/usr/bin/make" "cmTC_aad99/fast"
make[3]: Entering directory '/home/xcy/catkin_ws/src/MYNT-EYE-OKVIS-Sample/build/okvis/ceres/src/ceres_external-build/CMakeFiles/CMakeTmp'
/usr/bin/make -f CMakeFiles/cmTC_aad99.dir/build.make CMakeFiles/cmTC_aad99.dir/build
make[4]: Entering directory '/home/xcy/catkin_ws/src/MYNT-EYE-OKVIS-Sample/build/okvis/ceres/src/ceres_external-build/CMakeFiles/CMakeTmp'
Building CXX object CMakeFiles/cmTC_aad99.dir/CheckIncludeFile.cxx.o
/usr/bin/c++     -march=native -Wall -std=c++11 -fPIC -mssse3 -fopenmp    -o CMakeFiles/cmTC_aad99.dir/CheckIncludeFile.cxx.o -c /home/xcy/catkin_ws/src/MYNT-EYE-OKVIS-Sample/build/okvis/ceres/src/ceres_external-build/CMakeFiles/CMakeTmp/CheckIncludeFile.cxx
Linking CXX executable cmTC_aad99
/usr/bin/cmake -E cmake_link_script CMakeFiles/cmTC_aad99.dir/link.txt --verbose=1
/usr/bin/c++    -march=native -Wall -std=c++11 -fPIC -mssse3 -fopenmp     CMakeFiles/cmTC_aad99.dir/CheckIncludeFile.cxx.o  -o cmTC_aad99 -rdynamic 
make[4]: Leaving directory '/home/xcy/catkin_ws/src/MYNT-EYE-OKVIS-Sample/build/okvis/ceres/src/ceres_external-build/CMakeFiles/CMakeTmp'
make[3]: Leaving directory '/home/xcy/catkin_ws/src/MYNT-EYE-OKVIS-Sample/build/okvis/ceres/src/ceres_external-build/CMakeFiles/CMakeTmp'


Performing C++ SOURCE FILE Test HAVE_SHARED_PTR_IN_STD_NAMESPACE succeeded with the following output:
Change Dir: /home/xcy/catkin_ws/src/MYNT-EYE-OKVIS-Sample/build/okvis/ceres/src/ceres_external-build/CMakeFiles/CMakeTmp

Run Build Command:"/usr/bin/make" "cmTC_3c9e6/fast"
make[3]: Entering directory '/home/xcy/catkin_ws/src/MYNT-EYE-OKVIS-Sample/build/okvis/ceres/src/ceres_external-build/CMakeFiles/CMakeTmp'
/usr/bin/make -f CMakeFiles/cmTC_3c9e6.dir/build.make CMakeFiles/cmTC_3c9e6.dir/build
make[4]: Entering directory '/home/xcy/catkin_ws/src/MYNT-EYE-OKVIS-Sample/build/okvis/ceres/src/ceres_external-build/CMakeFiles/CMakeTmp'
Building CXX object CMakeFiles/cmTC_3c9e6.dir/src.cxx.o
/usr/bin/c++     -march=native -Wall -std=c++11 -fPIC -mssse3 -fopenmp -DHAVE_SHARED_PTR_IN_STD_NAMESPACE   -o CMakeFiles/cmTC_3c9e6.dir/src.cxx.o -c /home/xcy/catkin_ws/src/MYNT-EYE-OKVIS-Sample/build/okvis/ceres/src/ceres_external-build/CMakeFiles/CMakeTmp/src.cxx
Linking CXX executable cmTC_3c9e6
/usr/bin/cmake -E cmake_link_script CMakeFiles/cmTC_3c9e6.dir/link.txt --verbose=1
/usr/bin/c++    -march=native -Wall -std=c++11 -fPIC -mssse3 -fopenmp -DHAVE_SHARED_PTR_IN_STD_NAMESPACE    CMakeFiles/cmTC_3c9e6.dir/src.cxx.o  -o cmTC_3c9e6 -rdynamic 
make[4]: Leaving directory '/home/xcy/catkin_ws/src/MYNT-EYE-OKVIS-Sample/build/okvis/ceres/src/ceres_external-build/CMakeFiles/CMakeTmp'
make[3]: Leaving directory '/home/xcy/catkin_ws/src/MYNT-EYE-OKVIS-Sample/build/okvis/ceres/src/ceres_external-build/CMakeFiles/CMakeTmp'

Source file was:
#include <memory>
                               int main() {
                                 std::shared_ptr<int> int_ptr;
                                 return 0;
                               }
