Determining if the pthread_create exist failed with the following output:
Change Dir: /home/xcy/catkin_ws/src/MYNT-EYE-OKVIS-Sample/build/okvis/ceres/src/ceres_external-build/CMakeFiles/CMakeTmp

Run Build Command:"/usr/bin/make" "cmTC_58a13/fast"
make[3]: Entering directory '/home/xcy/catkin_ws/src/MYNT-EYE-OKVIS-Sample/build/okvis/ceres/src/ceres_external-build/CMakeFiles/CMakeTmp'
/usr/bin/make -f CMakeFiles/cmTC_58a13.dir/build.make CMakeFiles/cmTC_58a13.dir/build
make[4]: Entering directory '/home/xcy/catkin_ws/src/MYNT-EYE-OKVIS-Sample/build/okvis/ceres/src/ceres_external-build/CMakeFiles/CMakeTmp'
Building C object CMakeFiles/cmTC_58a13.dir/CheckSymbolExists.c.o
/usr/bin/cc     -o CMakeFiles/cmTC_58a13.dir/CheckSymbolExists.c.o   -c /home/xcy/catkin_ws/src/MYNT-EYE-OKVIS-Sample/build/okvis/ceres/src/ceres_external-build/CMakeFiles/CMakeTmp/CheckSymbolExists.c
Linking C executable cmTC_58a13
/usr/bin/cmake -E cmake_link_script CMakeFiles/cmTC_58a13.dir/link.txt --verbose=1
/usr/bin/cc       CMakeFiles/cmTC_58a13.dir/CheckSymbolExists.c.o  -o cmTC_58a13 -rdynamic 
CMakeFiles/cmTC_58a13.dir/CheckSymbolExists.c.o：在函数‘main’中：
CheckSymbolExists.c:(.text+0x16)：对‘pthread_create’未定义的引用
collect2: error: ld returned 1 exit status
CMakeFiles/cmTC_58a13.dir/build.make:97: recipe for target 'cmTC_58a13' failed
make[4]: *** [cmTC_58a13] Error 1
make[4]: Leaving directory '/home/xcy/catkin_ws/src/MYNT-EYE-OKVIS-Sample/build/okvis/ceres/src/ceres_external-build/CMakeFiles/CMakeTmp'
Makefile:126: recipe for target 'cmTC_58a13/fast' failed
make[3]: *** [cmTC_58a13/fast] Error 2
make[3]: Leaving directory '/home/xcy/catkin_ws/src/MYNT-EYE-OKVIS-Sample/build/okvis/ceres/src/ceres_external-build/CMakeFiles/CMakeTmp'

File /home/xcy/catkin_ws/src/MYNT-EYE-OKVIS-Sample/build/okvis/ceres/src/ceres_external-build/CMakeFiles/CMakeTmp/CheckSymbolExists.c:
/* */
#include <pthread.h>

int main(int argc, char** argv)
{
  (void)argv;
#ifndef pthread_create
  return ((int*)(&pthread_create))[argc];
#else
  (void)argc;
  return 0;
#endif
}

Determining if the function pthread_create exists in the pthreads failed with the following output:
Change Dir: /home/xcy/catkin_ws/src/MYNT-EYE-OKVIS-Sample/build/okvis/ceres/src/ceres_external-build/CMakeFiles/CMakeTmp

Run Build Command:"/usr/bin/make" "cmTC_0a207/fast"
make[3]: Entering directory '/home/xcy/catkin_ws/src/MYNT-EYE-OKVIS-Sample/build/okvis/ceres/src/ceres_external-build/CMakeFiles/CMakeTmp'
/usr/bin/make -f CMakeFiles/cmTC_0a207.dir/build.make CMakeFiles/cmTC_0a207.dir/build
make[4]: Entering directory '/home/xcy/catkin_ws/src/MYNT-EYE-OKVIS-Sample/build/okvis/ceres/src/ceres_external-build/CMakeFiles/CMakeTmp'
Building C object CMakeFiles/cmTC_0a207.dir/CheckFunctionExists.c.o
/usr/bin/cc    -DCHECK_FUNCTION_EXISTS=pthread_create   -o CMakeFiles/cmTC_0a207.dir/CheckFunctionExists.c.o   -c /usr/share/cmake-3.5/Modules/CheckFunctionExists.c
Linking C executable cmTC_0a207
/usr/bin/cmake -E cmake_link_script CMakeFiles/cmTC_0a207.dir/link.txt --verbose=1
/usr/bin/cc   -DCHECK_FUNCTION_EXISTS=pthread_create    CMakeFiles/cmTC_0a207.dir/CheckFunctionExists.c.o  -o cmTC_0a207 -rdynamic -lpthreads 
/usr/bin/ld: 找不到 -lpthreads
collect2: error: ld returned 1 exit status
CMakeFiles/cmTC_0a207.dir/build.make:97: recipe for target 'cmTC_0a207' failed
make[4]: *** [cmTC_0a207] Error 1
make[4]: Leaving directory '/home/xcy/catkin_ws/src/MYNT-EYE-OKVIS-Sample/build/okvis/ceres/src/ceres_external-build/CMakeFiles/CMakeTmp'
Makefile:126: recipe for target 'cmTC_0a207/fast' failed
make[3]: *** [cmTC_0a207/fast] Error 2
make[3]: Leaving directory '/home/xcy/catkin_ws/src/MYNT-EYE-OKVIS-Sample/build/okvis/ceres/src/ceres_external-build/CMakeFiles/CMakeTmp'


